09:39:03,554 ERROR SessionFactoryImpl:422 - Error in named query: MedioPago.findByInvoiceId
org.hibernate.QueryException: could not resolve property: averias of: uo.ri.model.Factura [select m from uo.ri.model.Factura f join f.averias a join a.vehiculo.cliente c join c.mediosPago m where f.id = ?1]
	at org.hibernate.persister.entity.AbstractPropertyMapping.propertyException(AbstractPropertyMapping.java:81)
	at org.hibernate.persister.entity.AbstractPropertyMapping.toType(AbstractPropertyMapping.java:75)
	at org.hibernate.persister.entity.AbstractEntityPersister.toType(AbstractEntityPersister.java:1449)
	at org.hibernate.hql.ast.tree.FromElementType.getPropertyType(FromElementType.java:315)
	at org.hibernate.hql.ast.tree.FromElement.getPropertyType(FromElement.java:487)
	at org.hibernate.hql.ast.tree.DotNode.getDataType(DotNode.java:611)
	at org.hibernate.hql.ast.tree.DotNode.prepareLhs(DotNode.java:263)
	at org.hibernate.hql.ast.tree.DotNode.resolve(DotNode.java:210)
	at org.hibernate.hql.ast.tree.FromReferenceNode.resolve(FromReferenceNode.java:117)
	at org.hibernate.hql.ast.HqlSqlWalker.createFromJoinElement(HqlSqlWalker.java:375)
	at org.hibernate.hql.antlr.HqlSqlBaseWalker.joinElement(HqlSqlBaseWalker.java:3671)
	at org.hibernate.hql.antlr.HqlSqlBaseWalker.fromElement(HqlSqlBaseWalker.java:3452)
	at org.hibernate.hql.antlr.HqlSqlBaseWalker.fromElementList(HqlSqlBaseWalker.java:3325)
	at org.hibernate.hql.antlr.HqlSqlBaseWalker.fromClause(HqlSqlBaseWalker.java:733)
	at org.hibernate.hql.antlr.HqlSqlBaseWalker.query(HqlSqlBaseWalker.java:584)
	at org.hibernate.hql.antlr.HqlSqlBaseWalker.selectStatement(HqlSqlBaseWalker.java:301)
	at org.hibernate.hql.antlr.HqlSqlBaseWalker.statement(HqlSqlBaseWalker.java:244)
	at org.hibernate.hql.ast.QueryTranslatorImpl.analyze(QueryTranslatorImpl.java:254)
	at org.hibernate.hql.ast.QueryTranslatorImpl.doCompile(QueryTranslatorImpl.java:185)
	at org.hibernate.hql.ast.QueryTranslatorImpl.compile(QueryTranslatorImpl.java:136)
	at org.hibernate.engine.query.HQLQueryPlan.<init>(HQLQueryPlan.java:101)
	at org.hibernate.engine.query.HQLQueryPlan.<init>(HQLQueryPlan.java:80)
	at org.hibernate.engine.query.QueryPlanCache.getHQLQueryPlan(QueryPlanCache.java:124)
	at org.hibernate.impl.SessionFactoryImpl.checkNamedQueries(SessionFactoryImpl.java:547)
	at org.hibernate.impl.SessionFactoryImpl.<init>(SessionFactoryImpl.java:411)
	at org.hibernate.cfg.Configuration.buildSessionFactory(Configuration.java:1842)
	at org.hibernate.ejb.Ejb3Configuration.buildEntityManagerFactory(Ejb3Configuration.java:902)
	at org.hibernate.ejb.HibernatePersistence.createEntityManagerFactory(HibernatePersistence.java:57)
	at javax.persistence.Persistence.createEntityManagerFactory(Persistence.java:48)
	at javax.persistence.Persistence.createEntityManagerFactory(Persistence.java:32)
	at uo.ri.business.impl.admin.AddMechanic.execute(AddMechanic.java:22)
	at uo.ri.business.impl.AdminServiceImpl.newMechanic(AdminServiceImpl.java:18)
	at uo.ri.ui.admin.action.AddMechanicAction.execute(AddMechanicAction.java:22)
	at alb.util.menu.BaseMenu.processOption(BaseMenu.java:51)
	at alb.util.menu.BaseMenu.execute(BaseMenu.java:33)
	at alb.util.menu.BaseMenu.processOption(BaseMenu.java:51)
	at alb.util.menu.BaseMenu.execute(BaseMenu.java:33)
	at uo.ri.ui.admin.MainMenu.main(MainMenu.java:17)
09:42:30,951 ERROR SessionFactoryImpl:422 - Error in named query: MedioPago.findByInvoiceId
org.hibernate.QueryException: could not resolve property: averias of: uo.ri.model.Factura [select m from uo.ri.model.Factura f join f.averias a join a.vehiculo.cliente c join c.mediosPago m where f.id = ?1]
	at org.hibernate.persister.entity.AbstractPropertyMapping.propertyException(AbstractPropertyMapping.java:81)
	at org.hibernate.persister.entity.AbstractPropertyMapping.toType(AbstractPropertyMapping.java:75)
	at org.hibernate.persister.entity.AbstractEntityPersister.toType(AbstractEntityPersister.java:1449)
	at org.hibernate.hql.ast.tree.FromElementType.getPropertyType(FromElementType.java:315)
	at org.hibernate.hql.ast.tree.FromElement.getPropertyType(FromElement.java:487)
	at org.hibernate.hql.ast.tree.DotNode.getDataType(DotNode.java:611)
	at org.hibernate.hql.ast.tree.DotNode.prepareLhs(DotNode.java:263)
	at org.hibernate.hql.ast.tree.DotNode.resolve(DotNode.java:210)
	at org.hibernate.hql.ast.tree.FromReferenceNode.resolve(FromReferenceNode.java:117)
	at org.hibernate.hql.ast.HqlSqlWalker.createFromJoinElement(HqlSqlWalker.java:375)
	at org.hibernate.hql.antlr.HqlSqlBaseWalker.joinElement(HqlSqlBaseWalker.java:3671)
	at org.hibernate.hql.antlr.HqlSqlBaseWalker.fromElement(HqlSqlBaseWalker.java:3452)
	at org.hibernate.hql.antlr.HqlSqlBaseWalker.fromElementList(HqlSqlBaseWalker.java:3325)
	at org.hibernate.hql.antlr.HqlSqlBaseWalker.fromClause(HqlSqlBaseWalker.java:733)
	at org.hibernate.hql.antlr.HqlSqlBaseWalker.query(HqlSqlBaseWalker.java:584)
	at org.hibernate.hql.antlr.HqlSqlBaseWalker.selectStatement(HqlSqlBaseWalker.java:301)
	at org.hibernate.hql.antlr.HqlSqlBaseWalker.statement(HqlSqlBaseWalker.java:244)
	at org.hibernate.hql.ast.QueryTranslatorImpl.analyze(QueryTranslatorImpl.java:254)
	at org.hibernate.hql.ast.QueryTranslatorImpl.doCompile(QueryTranslatorImpl.java:185)
	at org.hibernate.hql.ast.QueryTranslatorImpl.compile(QueryTranslatorImpl.java:136)
	at org.hibernate.engine.query.HQLQueryPlan.<init>(HQLQueryPlan.java:101)
	at org.hibernate.engine.query.HQLQueryPlan.<init>(HQLQueryPlan.java:80)
	at org.hibernate.engine.query.QueryPlanCache.getHQLQueryPlan(QueryPlanCache.java:124)
	at org.hibernate.impl.SessionFactoryImpl.checkNamedQueries(SessionFactoryImpl.java:547)
	at org.hibernate.impl.SessionFactoryImpl.<init>(SessionFactoryImpl.java:411)
	at org.hibernate.cfg.Configuration.buildSessionFactory(Configuration.java:1842)
	at org.hibernate.ejb.Ejb3Configuration.buildEntityManagerFactory(Ejb3Configuration.java:902)
	at org.hibernate.ejb.HibernatePersistence.createEntityManagerFactory(HibernatePersistence.java:57)
	at javax.persistence.Persistence.createEntityManagerFactory(Persistence.java:48)
	at javax.persistence.Persistence.createEntityManagerFactory(Persistence.java:32)
	at uo.ri.business.impl.admin.AddMechanic.execute(AddMechanic.java:22)
	at uo.ri.business.impl.AdminServiceImpl.newMechanic(AdminServiceImpl.java:18)
	at uo.ri.ui.admin.action.AddMechanicAction.execute(AddMechanicAction.java:22)
	at alb.util.menu.BaseMenu.processOption(BaseMenu.java:51)
	at alb.util.menu.BaseMenu.execute(BaseMenu.java:33)
	at alb.util.menu.BaseMenu.processOption(BaseMenu.java:51)
	at alb.util.menu.BaseMenu.execute(BaseMenu.java:33)
	at uo.ri.ui.admin.MainMenu.main(MainMenu.java:17)
09:46:42,329 ERROR SessionFactoryImpl:422 - Error in named query: MedioPago.findByInvoiceId
org.hibernate.QueryException: could not resolve property: averias of: uo.ri.model.Factura [select m from uo.ri.model.Factura f join f.averias a join a.vehiculo.cliente c join c.mediosPago m where f.id = ?1]
	at org.hibernate.persister.entity.AbstractPropertyMapping.propertyException(AbstractPropertyMapping.java:81)
	at org.hibernate.persister.entity.AbstractPropertyMapping.toType(AbstractPropertyMapping.java:75)
	at org.hibernate.persister.entity.AbstractEntityPersister.toType(AbstractEntityPersister.java:1449)
	at org.hibernate.hql.ast.tree.FromElementType.getPropertyType(FromElementType.java:315)
	at org.hibernate.hql.ast.tree.FromElement.getPropertyType(FromElement.java:487)
	at org.hibernate.hql.ast.tree.DotNode.getDataType(DotNode.java:611)
	at org.hibernate.hql.ast.tree.DotNode.prepareLhs(DotNode.java:263)
	at org.hibernate.hql.ast.tree.DotNode.resolve(DotNode.java:210)
	at org.hibernate.hql.ast.tree.FromReferenceNode.resolve(FromReferenceNode.java:117)
	at org.hibernate.hql.ast.HqlSqlWalker.createFromJoinElement(HqlSqlWalker.java:375)
	at org.hibernate.hql.antlr.HqlSqlBaseWalker.joinElement(HqlSqlBaseWalker.java:3671)
	at org.hibernate.hql.antlr.HqlSqlBaseWalker.fromElement(HqlSqlBaseWalker.java:3452)
	at org.hibernate.hql.antlr.HqlSqlBaseWalker.fromElementList(HqlSqlBaseWalker.java:3325)
	at org.hibernate.hql.antlr.HqlSqlBaseWalker.fromClause(HqlSqlBaseWalker.java:733)
	at org.hibernate.hql.antlr.HqlSqlBaseWalker.query(HqlSqlBaseWalker.java:584)
	at org.hibernate.hql.antlr.HqlSqlBaseWalker.selectStatement(HqlSqlBaseWalker.java:301)
	at org.hibernate.hql.antlr.HqlSqlBaseWalker.statement(HqlSqlBaseWalker.java:244)
	at org.hibernate.hql.ast.QueryTranslatorImpl.analyze(QueryTranslatorImpl.java:254)
	at org.hibernate.hql.ast.QueryTranslatorImpl.doCompile(QueryTranslatorImpl.java:185)
	at org.hibernate.hql.ast.QueryTranslatorImpl.compile(QueryTranslatorImpl.java:136)
	at org.hibernate.engine.query.HQLQueryPlan.<init>(HQLQueryPlan.java:101)
	at org.hibernate.engine.query.HQLQueryPlan.<init>(HQLQueryPlan.java:80)
	at org.hibernate.engine.query.QueryPlanCache.getHQLQueryPlan(QueryPlanCache.java:124)
	at org.hibernate.impl.SessionFactoryImpl.checkNamedQueries(SessionFactoryImpl.java:547)
	at org.hibernate.impl.SessionFactoryImpl.<init>(SessionFactoryImpl.java:411)
	at org.hibernate.cfg.Configuration.buildSessionFactory(Configuration.java:1842)
	at org.hibernate.ejb.Ejb3Configuration.buildEntityManagerFactory(Ejb3Configuration.java:902)
	at org.hibernate.ejb.HibernatePersistence.createEntityManagerFactory(HibernatePersistence.java:57)
	at javax.persistence.Persistence.createEntityManagerFactory(Persistence.java:48)
	at javax.persistence.Persistence.createEntityManagerFactory(Persistence.java:32)
	at uo.ri.business.impl.admin.AddMechanic.execute(AddMechanic.java:22)
	at uo.ri.business.impl.AdminServiceImpl.newMechanic(AdminServiceImpl.java:18)
	at uo.ri.ui.admin.action.AddMechanicAction.execute(AddMechanicAction.java:22)
	at alb.util.menu.BaseMenu.processOption(BaseMenu.java:51)
	at alb.util.menu.BaseMenu.execute(BaseMenu.java:33)
	at alb.util.menu.BaseMenu.processOption(BaseMenu.java:51)
	at alb.util.menu.BaseMenu.execute(BaseMenu.java:33)
	at uo.ri.ui.admin.MainMenu.main(MainMenu.java:17)
10:01:17,416 ERROR SessionFactoryImpl:422 - Error in named query: MedioPago.findByInvoiceId
org.hibernate.QueryException: could not resolve property: averias of: uo.ri.model.Factura [select m from uo.ri.model.Factura f join f.averias a join a.vehiculo.cliente c join c.mediosPago m where f.id = ?1]
	at org.hibernate.persister.entity.AbstractPropertyMapping.propertyException(AbstractPropertyMapping.java:81)
	at org.hibernate.persister.entity.AbstractPropertyMapping.toType(AbstractPropertyMapping.java:75)
	at org.hibernate.persister.entity.AbstractEntityPersister.toType(AbstractEntityPersister.java:1449)
	at org.hibernate.hql.ast.tree.FromElementType.getPropertyType(FromElementType.java:315)
	at org.hibernate.hql.ast.tree.FromElement.getPropertyType(FromElement.java:487)
	at org.hibernate.hql.ast.tree.DotNode.getDataType(DotNode.java:611)
	at org.hibernate.hql.ast.tree.DotNode.prepareLhs(DotNode.java:263)
	at org.hibernate.hql.ast.tree.DotNode.resolve(DotNode.java:210)
	at org.hibernate.hql.ast.tree.FromReferenceNode.resolve(FromReferenceNode.java:117)
	at org.hibernate.hql.ast.HqlSqlWalker.createFromJoinElement(HqlSqlWalker.java:375)
	at org.hibernate.hql.antlr.HqlSqlBaseWalker.joinElement(HqlSqlBaseWalker.java:3671)
	at org.hibernate.hql.antlr.HqlSqlBaseWalker.fromElement(HqlSqlBaseWalker.java:3452)
	at org.hibernate.hql.antlr.HqlSqlBaseWalker.fromElementList(HqlSqlBaseWalker.java:3325)
	at org.hibernate.hql.antlr.HqlSqlBaseWalker.fromClause(HqlSqlBaseWalker.java:733)
	at org.hibernate.hql.antlr.HqlSqlBaseWalker.query(HqlSqlBaseWalker.java:584)
	at org.hibernate.hql.antlr.HqlSqlBaseWalker.selectStatement(HqlSqlBaseWalker.java:301)
	at org.hibernate.hql.antlr.HqlSqlBaseWalker.statement(HqlSqlBaseWalker.java:244)
	at org.hibernate.hql.ast.QueryTranslatorImpl.analyze(QueryTranslatorImpl.java:254)
	at org.hibernate.hql.ast.QueryTranslatorImpl.doCompile(QueryTranslatorImpl.java:185)
	at org.hibernate.hql.ast.QueryTranslatorImpl.compile(QueryTranslatorImpl.java:136)
	at org.hibernate.engine.query.HQLQueryPlan.<init>(HQLQueryPlan.java:101)
	at org.hibernate.engine.query.HQLQueryPlan.<init>(HQLQueryPlan.java:80)
	at org.hibernate.engine.query.QueryPlanCache.getHQLQueryPlan(QueryPlanCache.java:124)
	at org.hibernate.impl.SessionFactoryImpl.checkNamedQueries(SessionFactoryImpl.java:547)
	at org.hibernate.impl.SessionFactoryImpl.<init>(SessionFactoryImpl.java:411)
	at org.hibernate.cfg.Configuration.buildSessionFactory(Configuration.java:1842)
	at org.hibernate.ejb.Ejb3Configuration.buildEntityManagerFactory(Ejb3Configuration.java:902)
	at org.hibernate.ejb.HibernatePersistence.createEntityManagerFactory(HibernatePersistence.java:57)
	at javax.persistence.Persistence.createEntityManagerFactory(Persistence.java:48)
	at javax.persistence.Persistence.createEntityManagerFactory(Persistence.java:32)
	at uo.ri.business.impl.admin.DeleteMechanic.execute(DeleteMechanic.java:25)
	at uo.ri.business.impl.AdminServiceImpl.deleteMechanic(AdminServiceImpl.java:28)
	at uo.ri.ui.admin.action.DeleteMechanicAction.execute(DeleteMechanicAction.java:17)
	at alb.util.menu.BaseMenu.processOption(BaseMenu.java:51)
	at alb.util.menu.BaseMenu.execute(BaseMenu.java:33)
	at alb.util.menu.BaseMenu.processOption(BaseMenu.java:51)
	at alb.util.menu.BaseMenu.execute(BaseMenu.java:33)
	at uo.ri.ui.admin.MainMenu.main(MainMenu.java:17)
10:08:50,378 ERROR SessionFactoryImpl:422 - Error in named query: MedioPago.findByInvoiceId
org.hibernate.QueryException: could not resolve property: averias of: uo.ri.model.Factura [select m from uo.ri.model.Factura f join f.averias a join a.vehiculo.cliente c join c.mediosPago m where f.id = ?1]
	at org.hibernate.persister.entity.AbstractPropertyMapping.propertyException(AbstractPropertyMapping.java:81)
	at org.hibernate.persister.entity.AbstractPropertyMapping.toType(AbstractPropertyMapping.java:75)
	at org.hibernate.persister.entity.AbstractEntityPersister.toType(AbstractEntityPersister.java:1449)
	at org.hibernate.hql.ast.tree.FromElementType.getPropertyType(FromElementType.java:315)
	at org.hibernate.hql.ast.tree.FromElement.getPropertyType(FromElement.java:487)
	at org.hibernate.hql.ast.tree.DotNode.getDataType(DotNode.java:611)
	at org.hibernate.hql.ast.tree.DotNode.prepareLhs(DotNode.java:263)
	at org.hibernate.hql.ast.tree.DotNode.resolve(DotNode.java:210)
	at org.hibernate.hql.ast.tree.FromReferenceNode.resolve(FromReferenceNode.java:117)
	at org.hibernate.hql.ast.HqlSqlWalker.createFromJoinElement(HqlSqlWalker.java:375)
	at org.hibernate.hql.antlr.HqlSqlBaseWalker.joinElement(HqlSqlBaseWalker.java:3671)
	at org.hibernate.hql.antlr.HqlSqlBaseWalker.fromElement(HqlSqlBaseWalker.java:3452)
	at org.hibernate.hql.antlr.HqlSqlBaseWalker.fromElementList(HqlSqlBaseWalker.java:3325)
	at org.hibernate.hql.antlr.HqlSqlBaseWalker.fromClause(HqlSqlBaseWalker.java:733)
	at org.hibernate.hql.antlr.HqlSqlBaseWalker.query(HqlSqlBaseWalker.java:584)
	at org.hibernate.hql.antlr.HqlSqlBaseWalker.selectStatement(HqlSqlBaseWalker.java:301)
	at org.hibernate.hql.antlr.HqlSqlBaseWalker.statement(HqlSqlBaseWalker.java:244)
	at org.hibernate.hql.ast.QueryTranslatorImpl.analyze(QueryTranslatorImpl.java:254)
	at org.hibernate.hql.ast.QueryTranslatorImpl.doCompile(QueryTranslatorImpl.java:185)
	at org.hibernate.hql.ast.QueryTranslatorImpl.compile(QueryTranslatorImpl.java:136)
	at org.hibernate.engine.query.HQLQueryPlan.<init>(HQLQueryPlan.java:101)
	at org.hibernate.engine.query.HQLQueryPlan.<init>(HQLQueryPlan.java:80)
	at org.hibernate.engine.query.QueryPlanCache.getHQLQueryPlan(QueryPlanCache.java:124)
	at org.hibernate.impl.SessionFactoryImpl.checkNamedQueries(SessionFactoryImpl.java:547)
	at org.hibernate.impl.SessionFactoryImpl.<init>(SessionFactoryImpl.java:411)
	at org.hibernate.cfg.Configuration.buildSessionFactory(Configuration.java:1842)
	at org.hibernate.ejb.Ejb3Configuration.buildEntityManagerFactory(Ejb3Configuration.java:902)
	at org.hibernate.ejb.HibernatePersistence.createEntityManagerFactory(HibernatePersistence.java:57)
	at javax.persistence.Persistence.createEntityManagerFactory(Persistence.java:48)
	at javax.persistence.Persistence.createEntityManagerFactory(Persistence.java:32)
	at uo.ri.business.impl.admin.FindAllMechanics.execute(FindAllMechanics.java:17)
	at uo.ri.business.impl.AdminServiceImpl.findAllMechanics(AdminServiceImpl.java:33)
	at uo.ri.ui.admin.action.ListMechanicsAction.execute(ListMechanicsAction.java:19)
	at alb.util.menu.BaseMenu.processOption(BaseMenu.java:51)
	at alb.util.menu.BaseMenu.execute(BaseMenu.java:33)
	at alb.util.menu.BaseMenu.processOption(BaseMenu.java:51)
	at alb.util.menu.BaseMenu.execute(BaseMenu.java:33)
	at uo.ri.ui.admin.MainMenu.main(MainMenu.java:17)
10:13:23,671 ERROR SessionFactoryImpl:422 - Error in named query: MedioPago.findByInvoiceId
org.hibernate.QueryException: could not resolve property: averias of: uo.ri.model.Factura [select m from uo.ri.model.Factura f join f.averias a join a.vehiculo.cliente c join c.mediosPago m where f.id = ?1]
	at org.hibernate.persister.entity.AbstractPropertyMapping.propertyException(AbstractPropertyMapping.java:81)
	at org.hibernate.persister.entity.AbstractPropertyMapping.toType(AbstractPropertyMapping.java:75)
	at org.hibernate.persister.entity.AbstractEntityPersister.toType(AbstractEntityPersister.java:1449)
	at org.hibernate.hql.ast.tree.FromElementType.getPropertyType(FromElementType.java:315)
	at org.hibernate.hql.ast.tree.FromElement.getPropertyType(FromElement.java:487)
	at org.hibernate.hql.ast.tree.DotNode.getDataType(DotNode.java:611)
	at org.hibernate.hql.ast.tree.DotNode.prepareLhs(DotNode.java:263)
	at org.hibernate.hql.ast.tree.DotNode.resolve(DotNode.java:210)
	at org.hibernate.hql.ast.tree.FromReferenceNode.resolve(FromReferenceNode.java:117)
	at org.hibernate.hql.ast.HqlSqlWalker.createFromJoinElement(HqlSqlWalker.java:375)
	at org.hibernate.hql.antlr.HqlSqlBaseWalker.joinElement(HqlSqlBaseWalker.java:3671)
	at org.hibernate.hql.antlr.HqlSqlBaseWalker.fromElement(HqlSqlBaseWalker.java:3452)
	at org.hibernate.hql.antlr.HqlSqlBaseWalker.fromElementList(HqlSqlBaseWalker.java:3325)
	at org.hibernate.hql.antlr.HqlSqlBaseWalker.fromClause(HqlSqlBaseWalker.java:733)
	at org.hibernate.hql.antlr.HqlSqlBaseWalker.query(HqlSqlBaseWalker.java:584)
	at org.hibernate.hql.antlr.HqlSqlBaseWalker.selectStatement(HqlSqlBaseWalker.java:301)
	at org.hibernate.hql.antlr.HqlSqlBaseWalker.statement(HqlSqlBaseWalker.java:244)
	at org.hibernate.hql.ast.QueryTranslatorImpl.analyze(QueryTranslatorImpl.java:254)
	at org.hibernate.hql.ast.QueryTranslatorImpl.doCompile(QueryTranslatorImpl.java:185)
	at org.hibernate.hql.ast.QueryTranslatorImpl.compile(QueryTranslatorImpl.java:136)
	at org.hibernate.engine.query.HQLQueryPlan.<init>(HQLQueryPlan.java:101)
	at org.hibernate.engine.query.HQLQueryPlan.<init>(HQLQueryPlan.java:80)
	at org.hibernate.engine.query.QueryPlanCache.getHQLQueryPlan(QueryPlanCache.java:124)
	at org.hibernate.impl.SessionFactoryImpl.checkNamedQueries(SessionFactoryImpl.java:547)
	at org.hibernate.impl.SessionFactoryImpl.<init>(SessionFactoryImpl.java:411)
	at org.hibernate.cfg.Configuration.buildSessionFactory(Configuration.java:1842)
	at org.hibernate.ejb.Ejb3Configuration.buildEntityManagerFactory(Ejb3Configuration.java:902)
	at org.hibernate.ejb.HibernatePersistence.createEntityManagerFactory(HibernatePersistence.java:57)
	at javax.persistence.Persistence.createEntityManagerFactory(Persistence.java:48)
	at javax.persistence.Persistence.createEntityManagerFactory(Persistence.java:32)
	at uo.ri.business.impl.admin.FindAllMechanics.execute(FindAllMechanics.java:19)
	at uo.ri.business.impl.AdminServiceImpl.findAllMechanics(AdminServiceImpl.java:33)
	at uo.ri.ui.admin.action.ListMechanicsAction.execute(ListMechanicsAction.java:19)
	at alb.util.menu.BaseMenu.processOption(BaseMenu.java:51)
	at alb.util.menu.BaseMenu.execute(BaseMenu.java:33)
	at alb.util.menu.BaseMenu.processOption(BaseMenu.java:51)
	at alb.util.menu.BaseMenu.execute(BaseMenu.java:33)
	at uo.ri.ui.admin.MainMenu.main(MainMenu.java:17)
12:16:22,454 ERROR PARSER:56 -  Invalid path: 'uo.ri.model.types.AveriaStatus.TERMINADA'
12:16:22,456 ERROR PARSER:56 -  right-hand operand of a binary operator was null
12:16:22,457 ERROR SessionFactoryImpl:422 - Error in named query: MedioPago.findByInvoiceId
org.hibernate.QueryException: could not resolve property: averias of: uo.ri.amp.model.Factura [select m from uo.ri.amp.model.Factura f join f.averias a join a.vehiculo.cliente c join c.mediosPago m where f.id = ?1]
	at org.hibernate.persister.entity.AbstractPropertyMapping.propertyException(AbstractPropertyMapping.java:81)
	at org.hibernate.persister.entity.AbstractPropertyMapping.toType(AbstractPropertyMapping.java:75)
	at org.hibernate.persister.entity.AbstractEntityPersister.toType(AbstractEntityPersister.java:1449)
	at org.hibernate.hql.ast.tree.FromElementType.getPropertyType(FromElementType.java:315)
	at org.hibernate.hql.ast.tree.FromElement.getPropertyType(FromElement.java:487)
	at org.hibernate.hql.ast.tree.DotNode.getDataType(DotNode.java:611)
	at org.hibernate.hql.ast.tree.DotNode.prepareLhs(DotNode.java:263)
	at org.hibernate.hql.ast.tree.DotNode.resolve(DotNode.java:210)
	at org.hibernate.hql.ast.tree.FromReferenceNode.resolve(FromReferenceNode.java:117)
	at org.hibernate.hql.ast.HqlSqlWalker.createFromJoinElement(HqlSqlWalker.java:375)
	at org.hibernate.hql.antlr.HqlSqlBaseWalker.joinElement(HqlSqlBaseWalker.java:3671)
	at org.hibernate.hql.antlr.HqlSqlBaseWalker.fromElement(HqlSqlBaseWalker.java:3452)
	at org.hibernate.hql.antlr.HqlSqlBaseWalker.fromElementList(HqlSqlBaseWalker.java:3325)
	at org.hibernate.hql.antlr.HqlSqlBaseWalker.fromClause(HqlSqlBaseWalker.java:733)
	at org.hibernate.hql.antlr.HqlSqlBaseWalker.query(HqlSqlBaseWalker.java:584)
	at org.hibernate.hql.antlr.HqlSqlBaseWalker.selectStatement(HqlSqlBaseWalker.java:301)
	at org.hibernate.hql.antlr.HqlSqlBaseWalker.statement(HqlSqlBaseWalker.java:244)
	at org.hibernate.hql.ast.QueryTranslatorImpl.analyze(QueryTranslatorImpl.java:254)
	at org.hibernate.hql.ast.QueryTranslatorImpl.doCompile(QueryTranslatorImpl.java:185)
	at org.hibernate.hql.ast.QueryTranslatorImpl.compile(QueryTranslatorImpl.java:136)
	at org.hibernate.engine.query.HQLQueryPlan.<init>(HQLQueryPlan.java:101)
	at org.hibernate.engine.query.HQLQueryPlan.<init>(HQLQueryPlan.java:80)
	at org.hibernate.engine.query.QueryPlanCache.getHQLQueryPlan(QueryPlanCache.java:124)
	at org.hibernate.impl.SessionFactoryImpl.checkNamedQueries(SessionFactoryImpl.java:547)
	at org.hibernate.impl.SessionFactoryImpl.<init>(SessionFactoryImpl.java:411)
	at org.hibernate.cfg.Configuration.buildSessionFactory(Configuration.java:1842)
	at org.hibernate.ejb.Ejb3Configuration.buildEntityManagerFactory(Ejb3Configuration.java:902)
	at org.hibernate.ejb.HibernatePersistence.createEntityManagerFactory(HibernatePersistence.java:57)
	at javax.persistence.Persistence.createEntityManagerFactory(Persistence.java:48)
	at javax.persistence.Persistence.createEntityManagerFactory(Persistence.java:32)
	at uo.ri.amp.JustLoadHibernate.main(JustLoadHibernate.java:13)
12:16:22,458 ERROR SessionFactoryImpl:422 - Error in named query: Averia.findNoFacturadasByDni
org.hibernate.hql.ast.QuerySyntaxException: Invalid path: 'uo.ri.model.types.AveriaStatus.TERMINADA' [select a from uo.ri.amp.model.Averia a where a.vehiculo.cliente.dni = ?1 and a.status = uo.ri.model.types.AveriaStatus.TERMINADA]
	at org.hibernate.hql.ast.QuerySyntaxException.convert(QuerySyntaxException.java:54)
	at org.hibernate.hql.ast.QuerySyntaxException.convert(QuerySyntaxException.java:47)
	at org.hibernate.hql.ast.ErrorCounter.throwQueryException(ErrorCounter.java:82)
	at org.hibernate.hql.ast.QueryTranslatorImpl.analyze(QueryTranslatorImpl.java:261)
	at org.hibernate.hql.ast.QueryTranslatorImpl.doCompile(QueryTranslatorImpl.java:185)
	at org.hibernate.hql.ast.QueryTranslatorImpl.compile(QueryTranslatorImpl.java:136)
	at org.hibernate.engine.query.HQLQueryPlan.<init>(HQLQueryPlan.java:101)
	at org.hibernate.engine.query.HQLQueryPlan.<init>(HQLQueryPlan.java:80)
	at org.hibernate.engine.query.QueryPlanCache.getHQLQueryPlan(QueryPlanCache.java:124)
	at org.hibernate.impl.SessionFactoryImpl.checkNamedQueries(SessionFactoryImpl.java:547)
	at org.hibernate.impl.SessionFactoryImpl.<init>(SessionFactoryImpl.java:411)
	at org.hibernate.cfg.Configuration.buildSessionFactory(Configuration.java:1842)
	at org.hibernate.ejb.Ejb3Configuration.buildEntityManagerFactory(Ejb3Configuration.java:902)
	at org.hibernate.ejb.HibernatePersistence.createEntityManagerFactory(HibernatePersistence.java:57)
	at javax.persistence.Persistence.createEntityManagerFactory(Persistence.java:48)
	at javax.persistence.Persistence.createEntityManagerFactory(Persistence.java:32)
	at uo.ri.amp.JustLoadHibernate.main(JustLoadHibernate.java:13)
12:17:49,151 ERROR SchemaExport:386 - Unsuccessful: create table TAverias (id bigint generated by default as identity (start with 1), descripcion varchar(255), fecha date, importe double not null, status varchar(255), factura_id bigint, mecanico_id bigint, vehiculo_id bigint, primary key (id))
12:17:49,153 ERROR SchemaExport:387 - nombre del objeto ya existe: TAVERIAS in statement [create table TAverias (id bigint generated by default as identity (start with 1), descripcion varchar(255), fecha date, importe double not null, status varchar(255), factura_id bigint, mecanico_id bigint, vehiculo_id bigint, primary key (id))]
12:17:49,155 ERROR SchemaExport:386 - Unsuccessful: create table TClientes (id bigint generated by default as identity (start with 1), city varchar(255), street varchar(255), zipCode varchar(255), apellidos varchar(255), dni varchar(255), nombre varchar(255), primary key (id))
12:17:49,155 ERROR SchemaExport:387 - nombre del objeto ya existe: TCLIENTES in statement [create table TClientes (id bigint generated by default as identity (start with 1), city varchar(255), street varchar(255), zipCode varchar(255), apellidos varchar(255), dni varchar(255), nombre varchar(255), primary key (id))]
12:17:49,156 ERROR SchemaExport:386 - Unsuccessful: create table TFacturas (id bigint generated by default as identity (start with 1), fecha date, importe double not null, iva double not null, numero bigint, status varchar(255), primary key (id))
12:17:49,156 ERROR SchemaExport:387 - nombre del objeto ya existe: TFACTURAS in statement [create table TFacturas (id bigint generated by default as identity (start with 1), fecha date, importe double not null, iva double not null, numero bigint, status varchar(255), primary key (id))]
12:17:49,156 ERROR SchemaExport:386 - Unsuccessful: create table TIntervenciones (minutos integer not null, averia_id bigint, mecanico_id bigint, primary key (averia_id, mecanico_id))
12:17:49,156 ERROR SchemaExport:387 - nombre del objeto ya existe: TINTERVENCIONES in statement [create table TIntervenciones (minutos integer not null, averia_id bigint, mecanico_id bigint, primary key (averia_id, mecanico_id))]
12:17:49,157 ERROR SchemaExport:386 - Unsuccessful: create table TMecanicos (id bigint generated by default as identity (start with 1), apellidos varchar(255), dni varchar(255), nombre varchar(255), primary key (id))
12:17:49,157 ERROR SchemaExport:387 - nombre del objeto ya existe: TMECANICOS in statement [create table TMecanicos (id bigint generated by default as identity (start with 1), apellidos varchar(255), dni varchar(255), nombre varchar(255), primary key (id))]
12:17:49,158 ERROR SchemaExport:386 - Unsuccessful: create table TRepuestos (id bigint generated by default as identity (start with 1), codigo varchar(255), descripcion varchar(255), precio double not null, primary key (id))
12:17:49,158 ERROR SchemaExport:387 - nombre del objeto ya existe: TREPUESTOS in statement [create table TRepuestos (id bigint generated by default as identity (start with 1), codigo varchar(255), descripcion varchar(255), precio double not null, primary key (id))]
12:17:49,160 ERROR SchemaExport:386 - Unsuccessful: create table TTiposVehiculo (id bigint generated by default as identity (start with 1), Horas_Experto integer, nombre varchar(255), precioHora double not null, primary key (id))
12:17:49,160 ERROR SchemaExport:387 - nombre del objeto ya existe: TTIPOSVEHICULO in statement [create table TTiposVehiculo (id bigint generated by default as identity (start with 1), Horas_Experto integer, nombre varchar(255), precioHora double not null, primary key (id))]
12:17:49,161 ERROR SchemaExport:386 - Unsuccessful: create table TVEHICULOS (id bigint generated by default as identity (start with 1), marca varchar(255), matricula varchar(255), modelo varchar(255), NUM_AVERIAS integer, cliente_id bigint, TIPO_ID bigint, primary key (id))
12:17:49,161 ERROR SchemaExport:387 - nombre del objeto ya existe: TVEHICULOS in statement [create table TVEHICULOS (id bigint generated by default as identity (start with 1), marca varchar(255), matricula varchar(255), modelo varchar(255), NUM_AVERIAS integer, cliente_id bigint, TIPO_ID bigint, primary key (id))]
12:17:49,163 ERROR SchemaExport:386 - Unsuccessful: alter table TAverias add constraint FK53784C8511EA9908 foreign key (factura_id) references TFacturas
12:17:49,163 ERROR SchemaExport:387 - ya existe una clave foránea ('FOREIGN KEY') para este conjunto de columnas: FK53784C8511EA9908 in statement [alter table TAverias add constraint FK53784C8511EA9908 foreign key (factura_id) references TFacturas]
12:17:49,163 ERROR SchemaExport:386 - Unsuccessful: alter table TAverias add constraint FK53784C8560A40B0C foreign key (vehiculo_id) references TVEHICULOS
12:17:49,163 ERROR SchemaExport:387 - ya existe una clave foránea ('FOREIGN KEY') para este conjunto de columnas: FK53784C8560A40B0C in statement [alter table TAverias add constraint FK53784C8560A40B0C foreign key (vehiculo_id) references TVEHICULOS]
12:17:49,164 ERROR SchemaExport:386 - Unsuccessful: alter table TAverias add constraint FK53784C858147080C foreign key (mecanico_id) references TMecanicos
12:17:49,164 ERROR SchemaExport:387 - ya existe una clave foránea ('FOREIGN KEY') para este conjunto de columnas: FK53784C858147080C in statement [alter table TAverias add constraint FK53784C858147080C foreign key (mecanico_id) references TMecanicos]
12:17:49,167 ERROR SchemaExport:386 - Unsuccessful: alter table TIntervenciones add constraint FK2132D8AAEE84D36C foreign key (averia_id) references TAverias
12:17:49,167 ERROR SchemaExport:387 - ya existe una clave foránea ('FOREIGN KEY') para este conjunto de columnas: FK2132D8AAEE84D36C in statement [alter table TIntervenciones add constraint FK2132D8AAEE84D36C foreign key (averia_id) references TAverias]
12:17:49,167 ERROR SchemaExport:386 - Unsuccessful: alter table TIntervenciones add constraint FK2132D8AA8147080C foreign key (mecanico_id) references TMecanicos
12:17:49,167 ERROR SchemaExport:387 - ya existe una clave foránea ('FOREIGN KEY') para este conjunto de columnas: FK2132D8AA8147080C in statement [alter table TIntervenciones add constraint FK2132D8AA8147080C foreign key (mecanico_id) references TMecanicos]
12:17:49,169 ERROR SchemaExport:386 - Unsuccessful: alter table TVEHICULOS add constraint FK57F1E1BAC01AE531 foreign key (TIPO_ID) references TTiposVehiculo
12:17:49,169 ERROR SchemaExport:387 - ya existe una clave foránea ('FOREIGN KEY') para este conjunto de columnas: FK57F1E1BAC01AE531 in statement [alter table TVEHICULOS add constraint FK57F1E1BAC01AE531 foreign key (TIPO_ID) references TTiposVehiculo]
12:17:49,169 ERROR SchemaExport:386 - Unsuccessful: alter table TVEHICULOS add constraint FK57F1E1BA5254F1C8 foreign key (cliente_id) references TClientes
12:17:49,170 ERROR SchemaExport:387 - ya existe una clave foránea ('FOREIGN KEY') para este conjunto de columnas: FK57F1E1BA5254F1C8 in statement [alter table TVEHICULOS add constraint FK57F1E1BA5254F1C8 foreign key (cliente_id) references TClientes]
19:22:22,224 ERROR SessionFactoryImpl:422 - Error in named query: Vehiculo.findByMatricula
org.hibernate.QueryException: Unable to resolve path [v.matricula], unexpected token [v] [select v from uo.ri.amp.model.Vehiculo where v.matricula= :matricula]
	at org.hibernate.hql.ast.tree.IdentNode.resolveAsNakedComponentPropertyRefLHS(IdentNode.java:219)
	at org.hibernate.hql.ast.tree.IdentNode.resolve(IdentNode.java:108)
	at org.hibernate.hql.ast.tree.DotNode.resolveFirstChild(DotNode.java:175)
	at org.hibernate.hql.ast.HqlSqlWalker.lookupProperty(HqlSqlWalker.java:571)
	at org.hibernate.hql.antlr.HqlSqlBaseWalker.addrExpr(HqlSqlBaseWalker.java:4774)
	at org.hibernate.hql.antlr.HqlSqlBaseWalker.expr(HqlSqlBaseWalker.java:1326)
	at org.hibernate.hql.antlr.HqlSqlBaseWalker.exprOrSubquery(HqlSqlBaseWalker.java:4471)
	at org.hibernate.hql.antlr.HqlSqlBaseWalker.comparisonExpr(HqlSqlBaseWalker.java:3944)
	at org.hibernate.hql.antlr.HqlSqlBaseWalker.logicalExpr(HqlSqlBaseWalker.java:2047)
	at org.hibernate.hql.antlr.HqlSqlBaseWalker.whereClause(HqlSqlBaseWalker.java:831)
	at org.hibernate.hql.antlr.HqlSqlBaseWalker.query(HqlSqlBaseWalker.java:617)
	at org.hibernate.hql.antlr.HqlSqlBaseWalker.selectStatement(HqlSqlBaseWalker.java:301)
	at org.hibernate.hql.antlr.HqlSqlBaseWalker.statement(HqlSqlBaseWalker.java:244)
	at org.hibernate.hql.ast.QueryTranslatorImpl.analyze(QueryTranslatorImpl.java:254)
	at org.hibernate.hql.ast.QueryTranslatorImpl.doCompile(QueryTranslatorImpl.java:185)
	at org.hibernate.hql.ast.QueryTranslatorImpl.compile(QueryTranslatorImpl.java:136)
	at org.hibernate.engine.query.HQLQueryPlan.<init>(HQLQueryPlan.java:101)
	at org.hibernate.engine.query.HQLQueryPlan.<init>(HQLQueryPlan.java:80)
	at org.hibernate.engine.query.QueryPlanCache.getHQLQueryPlan(QueryPlanCache.java:124)
	at org.hibernate.impl.SessionFactoryImpl.checkNamedQueries(SessionFactoryImpl.java:547)
	at org.hibernate.impl.SessionFactoryImpl.<init>(SessionFactoryImpl.java:411)
	at org.hibernate.cfg.Configuration.buildSessionFactory(Configuration.java:1842)
	at org.hibernate.ejb.Ejb3Configuration.buildEntityManagerFactory(Ejb3Configuration.java:902)
	at org.hibernate.ejb.HibernatePersistence.createEntityManagerFactory(HibernatePersistence.java:57)
	at javax.persistence.Persistence.createEntityManagerFactory(Persistence.java:48)
	at javax.persistence.Persistence.createEntityManagerFactory(Persistence.java:32)
	at uo.ri.amp.persistence.util.Jpa.getEmf(Jpa.java:35)
	at uo.ri.amp.persistence.util.Jpa.createEntityManager(Jpa.java:23)
	at uo.ri.amp.business.impl.CommandExecutor.execute(CommandExecutor.java:12)
	at uo.ri.amp.business.impl.ForemanServiceImpl.findVehiculoByMatricula(ForemanServiceImpl.java:23)
	at uo.ri.amp.ui.foreman.action.AñadirAveriaAction.execute(AñadirAveriaAction.java:22)
	at alb.util.menu.BaseMenu.processOption(BaseMenu.java:54)
	at alb.util.menu.BaseMenu.execute(BaseMenu.java:33)
	at uo.ri.amp.ui.foreman.MainMenu.main(MainMenu.java:22)
19:22:43,861 ERROR SessionFactoryImpl:422 - Error in named query: Vehiculo.findByMatricula
org.hibernate.QueryException: Unable to resolve path [v.matricula], unexpected token [v] [select v from uo.ri.amp.model.Vehiculo where v.matricula= :matricula]
	at org.hibernate.hql.ast.tree.IdentNode.resolveAsNakedComponentPropertyRefLHS(IdentNode.java:219)
	at org.hibernate.hql.ast.tree.IdentNode.resolve(IdentNode.java:108)
	at org.hibernate.hql.ast.tree.DotNode.resolveFirstChild(DotNode.java:175)
	at org.hibernate.hql.ast.HqlSqlWalker.lookupProperty(HqlSqlWalker.java:571)
	at org.hibernate.hql.antlr.HqlSqlBaseWalker.addrExpr(HqlSqlBaseWalker.java:4774)
	at org.hibernate.hql.antlr.HqlSqlBaseWalker.expr(HqlSqlBaseWalker.java:1326)
	at org.hibernate.hql.antlr.HqlSqlBaseWalker.exprOrSubquery(HqlSqlBaseWalker.java:4471)
	at org.hibernate.hql.antlr.HqlSqlBaseWalker.comparisonExpr(HqlSqlBaseWalker.java:3944)
	at org.hibernate.hql.antlr.HqlSqlBaseWalker.logicalExpr(HqlSqlBaseWalker.java:2047)
	at org.hibernate.hql.antlr.HqlSqlBaseWalker.whereClause(HqlSqlBaseWalker.java:831)
	at org.hibernate.hql.antlr.HqlSqlBaseWalker.query(HqlSqlBaseWalker.java:617)
	at org.hibernate.hql.antlr.HqlSqlBaseWalker.selectStatement(HqlSqlBaseWalker.java:301)
	at org.hibernate.hql.antlr.HqlSqlBaseWalker.statement(HqlSqlBaseWalker.java:244)
	at org.hibernate.hql.ast.QueryTranslatorImpl.analyze(QueryTranslatorImpl.java:254)
	at org.hibernate.hql.ast.QueryTranslatorImpl.doCompile(QueryTranslatorImpl.java:185)
	at org.hibernate.hql.ast.QueryTranslatorImpl.compile(QueryTranslatorImpl.java:136)
	at org.hibernate.engine.query.HQLQueryPlan.<init>(HQLQueryPlan.java:101)
	at org.hibernate.engine.query.HQLQueryPlan.<init>(HQLQueryPlan.java:80)
	at org.hibernate.engine.query.QueryPlanCache.getHQLQueryPlan(QueryPlanCache.java:124)
	at org.hibernate.impl.SessionFactoryImpl.checkNamedQueries(SessionFactoryImpl.java:547)
	at org.hibernate.impl.SessionFactoryImpl.<init>(SessionFactoryImpl.java:411)
	at org.hibernate.cfg.Configuration.buildSessionFactory(Configuration.java:1842)
	at org.hibernate.ejb.Ejb3Configuration.buildEntityManagerFactory(Ejb3Configuration.java:902)
	at org.hibernate.ejb.HibernatePersistence.createEntityManagerFactory(HibernatePersistence.java:57)
	at javax.persistence.Persistence.createEntityManagerFactory(Persistence.java:48)
	at javax.persistence.Persistence.createEntityManagerFactory(Persistence.java:32)
	at uo.ri.amp.JustLoadHibernate.main(JustLoadHibernate.java:13)
19:25:25,568 ERROR LazyInitializationException:42 - failed to lazily initialize a collection of role: uo.ri.amp.model.Vehiculo.averias, no session or session was closed
org.hibernate.LazyInitializationException: failed to lazily initialize a collection of role: uo.ri.amp.model.Vehiculo.averias, no session or session was closed
	at org.hibernate.collection.AbstractPersistentCollection.throwLazyInitializationException(AbstractPersistentCollection.java:383)
	at org.hibernate.collection.AbstractPersistentCollection.throwLazyInitializationExceptionIfNotConnected(AbstractPersistentCollection.java:375)
	at org.hibernate.collection.AbstractPersistentCollection.initialize(AbstractPersistentCollection.java:368)
	at org.hibernate.collection.PersistentSet.add(PersistentSet.java:212)
	at uo.ri.amp.model.Association$Averiar.link(Association.java:52)
	at uo.ri.amp.model.Averia.<init>(Averia.java:56)
	at uo.ri.amp.ui.foreman.action.AñadirAveriaAction.execute(AñadirAveriaAction.java:39)
	at alb.util.menu.BaseMenu.processOption(BaseMenu.java:54)
	at alb.util.menu.BaseMenu.execute(BaseMenu.java:33)
	at uo.ri.amp.ui.foreman.MainMenu.main(MainMenu.java:22)
19:30:27,418  WARN QueryTranslatorImpl:353 - firstResult/maxResults specified with collection fetch; applying in memory!
19:37:51,274  WARN QueryTranslatorImpl:353 - firstResult/maxResults specified with collection fetch; applying in memory!
19:39:32,626  WARN QueryTranslatorImpl:353 - firstResult/maxResults specified with collection fetch; applying in memory!
19:39:32,666  WARN QueryTranslatorImpl:353 - firstResult/maxResults specified with collection fetch; applying in memory!
19:39:32,679  WARN JDBCExceptionReporter:233 - SQL Error: -8, SQLState: 23504
19:39:32,679 ERROR JDBCExceptionReporter:234 - violación del restricción de integridad: sin acción para la clave foránea; FK53784C8560A40B0C table: TAVERIAS
19:39:32,680 ERROR AbstractFlushingEventListener:324 - Could not synchronize database state with session
org.hibernate.exception.ConstraintViolationException: Could not execute JDBC batch update
	at org.hibernate.exception.SQLStateConverter.convert(SQLStateConverter.java:96)
	at org.hibernate.exception.JDBCExceptionHelper.convert(JDBCExceptionHelper.java:66)
	at org.hibernate.jdbc.AbstractBatcher.executeBatch(AbstractBatcher.java:275)
	at org.hibernate.engine.ActionQueue.executeActions(ActionQueue.java:268)
	at org.hibernate.engine.ActionQueue.executeActions(ActionQueue.java:189)
	at org.hibernate.event.def.AbstractFlushingEventListener.performExecutions(AbstractFlushingEventListener.java:321)
	at org.hibernate.event.def.DefaultFlushEventListener.onFlush(DefaultFlushEventListener.java:51)
	at org.hibernate.impl.SessionImpl.flush(SessionImpl.java:1216)
	at org.hibernate.impl.SessionImpl.managedFlush(SessionImpl.java:383)
	at org.hibernate.transaction.JDBCTransaction.commit(JDBCTransaction.java:133)
	at org.hibernate.ejb.TransactionImpl.commit(TransactionImpl.java:76)
	at uo.ri.amp.business.impl.CommandExecutor.execute(CommandExecutor.java:18)
	at uo.ri.amp.business.impl.ForemanServiceImpl.borrarAveria(ForemanServiceImpl.java:23)
	at uo.ri.amp.ui.foreman.action.BorrarAveriaAction.execute(BorrarAveriaAction.java:23)
	at alb.util.menu.BaseMenu.processOption(BaseMenu.java:54)
	at alb.util.menu.BaseMenu.execute(BaseMenu.java:33)
	at uo.ri.amp.ui.foreman.MainMenu.main(MainMenu.java:23)
Caused by: java.sql.BatchUpdateException: violación del restricción de integridad: sin acción para la clave foránea; FK53784C8560A40B0C table: TAVERIAS
	at org.hsqldb.jdbc.JDBCPreparedStatement.executeBatch(Unknown Source)
	at org.hibernate.jdbc.BatchingBatcher.doExecuteBatch(BatchingBatcher.java:70)
	at org.hibernate.jdbc.AbstractBatcher.executeBatch(AbstractBatcher.java:268)
	... 14 more
